<?xml version="1.0" encoding="UTF-8"?>
<testng-results total="1" passed="1" failed="0" skipped="0">
  <reporter-output>
  </reporter-output>
  <suite started-at="2020-07-15T08:35:53Z" name="Surefire suite" finished-at="2020-07-15T08:35:54Z" duration-ms="29">
    <groups>
    </groups>
    <test started-at="2020-07-15T08:35:53Z" name="Surefire test" finished-at="2020-07-15T08:35:54Z" duration-ms="29">
      <class name="resources.AppTest">
        <test-method signature="shouldAnswerWithTrue()[pri:0, instance:shouldAnswerWithTrue(resources.AppTest)]" started-at="2020-07-15T14:05:54Z" name="shouldAnswerWithTrue" finished-at="2020-07-15T14:05:54Z" duration-ms="1" status="PASS">
          <reporter-output>
          </reporter-output>
        </test-method> <!-- shouldAnswerWithTrue -->
      </class> <!-- resources.AppTest -->
    </test> <!-- Surefire test -->
  </suite> <!-- Surefire suite -->
</testng-results>
