<?xml version="1.0" encoding="UTF-8"?>
<!-- Generated by org.testng.reporters.JUnitXMLReporter -->
<testsuite hostname="DESKTOP-K0J5U40" failures="0" tests="4" name="Default test" time="59.837" errors="0" timestamp="22 Jul 2020 09:53:37 GMT">
  <testcase classname="resources.SpiceJetE2E" name="bookTickets" time="13.497"/>
  <testcase classname="resources.SpiceJetE2E" name="bookTickets" time="16.812"/>
  <testcase classname="resources.SpiceJetE2E" name="bookTickets" time="13.353"/>
  <testcase classname="resources.SpiceJetE2E" name="bookTickets" time="15.879"/>
</testsuite> <!-- Default test -->
