<?xml version="1.0" encoding="UTF-8"?>
<!-- Generated by org.testng.reporters.JUnitXMLReporter -->
<testsuite hostname="DESKTOP-K0J5U40" failures="0" tests="4" name="Test3" time="57.215" errors="0" timestamp="23 Jul 2020 11:01:21 GMT">
  <testcase classname="resources.SpiceJetE2E" name="bookTickets" time="15.432"/>
  <testcase classname="resources.SpiceJetE2E" name="bookTickets" time="14.917"/>
  <testcase classname="resources.SpiceJetE2E" name="bookTickets" time="12.774"/>
  <testcase classname="resources.SpiceJetE2E" name="bookTickets" time="13.766"/>
</testsuite> <!-- Test3 -->
