<?xml version="1.0" encoding="UTF-8"?>
<!-- Generated by org.testng.reporters.JUnitXMLReporter -->
<testsuite hostname="DESKTOP-K0J5U40" failures="1" tests="1" name="Test1" time="16.652" errors="0" timestamp="18 Jul 2020 08:02:37 GMT">
  <testcase classname="resources.ShoppingCartTest" name="shop" time="8.435">
    <failure type="java.lang.AssertionError" message="expected [AN ACADEMY TO LEARN EVERYTHING ABOUT TESTING] but found [123]">
      <![CDATA[java.lang.AssertionError: expected [AN ACADEMY TO LEARN EVERYTHING ABOUT TESTING] but found [123]
	at resources.ShoppingCartTest.shop(ShoppingCartTest.java:63)
	at java.base/java.util.concurrent.FutureTask.run(FutureTask.java:264)
	at java.base/java.util.concurrent.ThreadPoolExecutor.runWorker(ThreadPoolExecutor.java:1130)
	at java.base/java.util.concurrent.ThreadPoolExecutor$Worker.run(ThreadPoolExecutor.java:630)
	at java.base/java.lang.Thread.run(Thread.java:832)
... Removed 21 stack frames]]>
    </failure>
  </testcase> <!-- shop -->
</testsuite> <!-- Test1 -->
