<?xml version="1.0" encoding="UTF-8"?>
<testng-results total="1" passed="1" failed="0" skipped="0">
  <reporter-output>
  </reporter-output>
  <suite started-at="2020-07-15T08:35:48Z" name="Surefire suite" finished-at="2020-07-15T08:35:53Z" duration-ms="4897">
    <groups>
    </groups>
    <test started-at="2020-07-15T08:35:48Z" name="Surefire test" finished-at="2020-07-15T08:35:53Z" duration-ms="4897">
      <class name="resources.getGoogleTest">
        <test-method signature="getURL()[pri:0, instance:resources.getGoogleTest@2fd66ad3]" started-at="2020-07-15T14:05:48Z" name="getURL" finished-at="2020-07-15T14:05:53Z" duration-ms="4885" status="PASS">
          <reporter-output>
          </reporter-output>
        </test-method> <!-- getURL -->
      </class> <!-- resources.getGoogleTest -->
    </test> <!-- Surefire test -->
  </suite> <!-- Surefire suite -->
</testng-results>
